/home/x_nanha/.conda/envs/CryoLigate/lib/python3.9/site-packages/timm/models/layers/__init__.py:49: FutureWarning: Importing from timm.models.layers is deprecated, please import via timm.layers
  warnings.warn(f"Importing from {__name__} is deprecated, please import via timm.layers", FutureWarning)
--- Initializing Training on cuda ---
Available GPUs: 4
Using WeightedMSELoss (Ligand Penalty: 50.0x)

--- Starting Epochs ---
Epoch 001 | Train: 0.76180 | Val: 0.51389 | Ligand MSE: 1.60154
Epoch 002 | Train: 0.48153 | Val: 0.39067 | Ligand MSE: 1.29486
Epoch 003 | Train: 0.40463 | Val: 0.36751 | Ligand MSE: 1.52403
Epoch 004 | Train: 0.36557 | Val: 0.34727 | Ligand MSE: 1.52104
Epoch 005 | Train: 0.36912 | Val: 0.32817 | Ligand MSE: 1.90556
Epoch 006 | Train: 0.34380 | Val: 0.32552 | Ligand MSE: 1.81734
Epoch 007 | Train: 0.33056 | Val: 0.31048 | Ligand MSE: 1.74196
Epoch 008 | Train: 0.32587 | Val: 0.31327 | Ligand MSE: 1.54100
Epoch 009 | Train: 0.32094 | Val: 0.30253 | Ligand MSE: 1.75591
Epoch 010 | Train: 0.31845 | Val: 0.29697 | Ligand MSE: 1.68739
Epoch 011 | Train: 0.30801 | Val: 0.29092 | Ligand MSE: 1.73053
Epoch 012 | Train: 0.30367 | Val: 0.29593 | Ligand MSE: 1.67046
Epoch 013 | Train: 0.30136 | Val: 0.28908 | Ligand MSE: 1.31766
Epoch 014 | Train: 0.29876 | Val: 0.28357 | Ligand MSE: 1.84979
Epoch 015 | Train: 0.31020 | Val: 0.28648 | Ligand MSE: 1.83844
Epoch 016 | Train: 0.28816 | Val: 0.28526 | Ligand MSE: 1.74356
Epoch 017 | Train: 0.28556 | Val: 0.27526 | Ligand MSE: 1.37420
Epoch 018 | Train: 0.28713 | Val: 0.28162 | Ligand MSE: 1.38939
Epoch 019 | Train: 0.27556 | Val: 0.27383 | Ligand MSE: 1.36623
Epoch 020 | Train: 0.27453 | Val: 0.26562 | Ligand MSE: 1.21308
Epoch 021 | Train: 0.27045 | Val: 0.26103 | Ligand MSE: 1.63993
Epoch 022 | Train: 0.26328 | Val: 0.24893 | Ligand MSE: 1.89663
Epoch 023 | Train: 0.25083 | Val: 0.24601 | Ligand MSE: 1.73894
Epoch 024 | Train: 0.24541 | Val: 0.22996 | Ligand MSE: 1.82955
Epoch 025 | Train: 0.23224 | Val: 0.21553 | Ligand MSE: 1.56031
Epoch 026 | Train: 0.21870 | Val: 0.20692 | Ligand MSE: 2.10774
Epoch 027 | Train: 0.20336 | Val: 0.18642 | Ligand MSE: 2.59250
Epoch 028 | Train: 0.19161 | Val: 0.16901 | Ligand MSE: 3.53544
Epoch 029 | Train: 0.17244 | Val: 0.15833 | Ligand MSE: 3.10204
Epoch 030 | Train: 0.16092 | Val: 0.15117 | Ligand MSE: 3.11826
Epoch 031 | Train: 0.14921 | Val: 0.13491 | Ligand MSE: 3.62550
Epoch 032 | Train: 0.13801 | Val: 0.12415 | Ligand MSE: 3.56777
Epoch 033 | Train: 0.12678 | Val: 0.11783 | Ligand MSE: 3.30312
Epoch 034 | Train: 0.11843 | Val: 0.11018 | Ligand MSE: 3.44723
Epoch 035 | Train: 0.11413 | Val: 0.11017 | Ligand MSE: 3.33999
Epoch 036 | Train: 0.11535 | Val: 0.10515 | Ligand MSE: 2.32740
Epoch 037 | Train: 0.10246 | Val: 0.09587 | Ligand MSE: 2.52285
Epoch 038 | Train: 0.09332 | Val: 0.09970 | Ligand MSE: 2.83928
Epoch 039 | Train: 0.09926 | Val: 0.08876 | Ligand MSE: 3.34224
Epoch 040 | Train: 0.09149 | Val: 0.08381 | Ligand MSE: 3.15524
Epoch 041 | Train: 0.08250 | Val: 0.07656 | Ligand MSE: 1.90763
Epoch 042 | Train: 0.08280 | Val: 0.08157 | Ligand MSE: 2.57696
Epoch 043 | Train: 0.07804 | Val: 0.07471 | Ligand MSE: 2.79352
Epoch 044 | Train: 0.07279 | Val: 0.07043 | Ligand MSE: 2.80740
Epoch 045 | Train: 0.06866 | Val: 0.07128 | Ligand MSE: 2.08213
Epoch 046 | Train: 0.06585 | Val: 0.06406 | Ligand MSE: 2.40018
Epoch 047 | Train: 0.06210 | Val: 0.06244 | Ligand MSE: 2.11424
Epoch 048 | Train: 0.05958 | Val: 0.05905 | Ligand MSE: 2.13332
Epoch 049 | Train: 0.05634 | Val: 0.05839 | Ligand MSE: 2.03270
Epoch 050 | Train: 0.05572 | Val: 0.05798 | Ligand MSE: 2.34496
Epoch 051 | Train: 0.05179 | Val: 0.05246 | Ligand MSE: 1.83272
Epoch 052 | Train: 0.04903 | Val: 0.05366 | Ligand MSE: 2.10693
Epoch 053 | Train: 0.04950 | Val: 0.05217 | Ligand MSE: 2.54281
Epoch 054 | Train: 0.04753 | Val: 0.04821 | Ligand MSE: 1.98592
Epoch 055 | Train: 0.04438 | Val: 0.04831 | Ligand MSE: 2.24812
Epoch 056 | Train: 0.04314 | Val: 0.05240 | Ligand MSE: 3.57322
Epoch 057 | Train: 0.04531 | Val: 0.05275 | Ligand MSE: 1.17795
Epoch 058 | Train: 0.04389 | Val: 0.04652 | Ligand MSE: 1.62753
Epoch 059 | Train: 0.04474 | Val: 0.04743 | Ligand MSE: 2.29060
Epoch 060 | Train: 0.04127 | Val: 0.04196 | Ligand MSE: 1.65949
Epoch 061 | Train: 0.03797 | Val: 0.04496 | Ligand MSE: 3.12531
Epoch 062 | Train: 0.03946 | Val: 0.04133 | Ligand MSE: 2.09479
Epoch 063 | Train: 0.03847 | Val: 0.04281 | Ligand MSE: 2.39591
Epoch 064 | Train: 0.03534 | Val: 0.04038 | Ligand MSE: 1.95282
Epoch 065 | Train: 0.03612 | Val: 0.04271 | Ligand MSE: 3.33993
Epoch 066 | Train: 0.03569 | Val: 0.04402 | Ligand MSE: 2.38165
Epoch 067 | Train: 0.03481 | Val: 0.03851 | Ligand MSE: 2.24759
Epoch 068 | Train: 0.03410 | Val: 0.03713 | Ligand MSE: 1.78416
Epoch 069 | Train: 0.03389 | Val: 0.04052 | Ligand MSE: 2.51060
Epoch 070 | Train: 0.03157 | Val: 0.03843 | Ligand MSE: 2.13756
Epoch 071 | Train: 0.03289 | Val: 0.03730 | Ligand MSE: 1.59716
Epoch 072 | Train: 0.03226 | Val: 0.03825 | Ligand MSE: 2.83482
Epoch 073 | Train: 0.03310 | Val: 0.04302 | Ligand MSE: 3.48421
Epoch 074 | Train: 0.03112 | Val: 0.03480 | Ligand MSE: 1.96920
Epoch 075 | Train: 0.02956 | Val: 0.03521 | Ligand MSE: 2.05008
Epoch 076 | Train: 0.02880 | Val: 0.03662 | Ligand MSE: 2.94655
Epoch 077 | Train: 0.02813 | Val: 0.03311 | Ligand MSE: 2.02300
Epoch 078 | Train: 0.02563 | Val: 0.03489 | Ligand MSE: 3.39991
Epoch 079 | Train: 0.02602 | Val: 0.03560 | Ligand MSE: 2.54451
Epoch 080 | Train: 0.02635 | Val: 0.03502 | Ligand MSE: 2.67913
Epoch 081 | Train: 0.02426 | Val: 0.03115 | Ligand MSE: 2.38909
Epoch 082 | Train: 0.02475 | Val: 0.03328 | Ligand MSE: 2.98724
Epoch 083 | Train: 0.02361 | Val: 0.03237 | Ligand MSE: 2.37291
Epoch 084 | Train: 0.02371 | Val: 0.03400 | Ligand MSE: 3.01835
Epoch 085 | Train: 0.02342 | Val: 0.03118 | Ligand MSE: 2.75521
Epoch 086 | Train: 0.02171 | Val: 0.02985 | Ligand MSE: 2.38393
Epoch 087 | Train: 0.02080 | Val: 0.03148 | Ligand MSE: 2.98445
Epoch 088 | Train: 0.02084 | Val: 0.03095 | Ligand MSE: 2.49249
Epoch 089 | Train: 0.02114 | Val: 0.02995 | Ligand MSE: 2.88465
Epoch 090 | Train: 0.02180 | Val: 0.03643 | Ligand MSE: 3.74706
Epoch 091 | Train: 0.02141 | Val: 0.03122 | Ligand MSE: 2.43366
Epoch 092 | Train: 0.02139 | Val: 0.03107 | Ligand MSE: 2.51499
Epoch 093 | Train: 0.02195 | Val: 0.03287 | Ligand MSE: 3.19658
Epoch 094 | Train: 0.01985 | Val: 0.03001 | Ligand MSE: 2.72043
Epoch 095 | Train: 0.01933 | Val: 0.02919 | Ligand MSE: 2.93743
Epoch 096 | Train: 0.01760 | Val: 0.02811 | Ligand MSE: 2.79289
Epoch 097 | Train: 0.01759 | Val: 0.02927 | Ligand MSE: 3.13792
Epoch 098 | Train: 0.01694 | Val: 0.02861 | Ligand MSE: 2.89584
Epoch 099 | Train: 0.01735 | Val: 0.02808 | Ligand MSE: 3.19759
Epoch 100 | Train: 0.01639 | Val: 0.02785 | Ligand MSE: 3.28345

--- Exporting Verification Samples ---
--- Exporting 5 samples to /proj/berzelius-2022-haloi/users/x_nanha/CryoLigate/results/predictions_train ---
   Saved 8thr
   Saved 8hnd
   Saved 7y7z
   Saved 8j75
   Saved 7wit
--- Exporting 5 samples to /proj/berzelius-2022-haloi/users/x_nanha/CryoLigate/results/predictions_val ---
   Saved 7wel
   Saved 8wfk
   Saved 8tzg
   Saved 6lqa
   Saved 8sdz
Done. Check /proj/berzelius-2022-haloi/users/x_nanha/CryoLigate/results/predictions_val
