/home/x_nanha/.conda/envs/CryoLigate/lib/python3.9/site-packages/timm/models/layers/__init__.py:49: FutureWarning: Importing from timm.models.layers is deprecated, please import via timm.layers
  warnings.warn(f"Importing from {__name__} is deprecated, please import via timm.layers", FutureWarning)
wandb: [wandb.login()] Loaded credentials for https://api.wandb.ai from /home/x_nanha/.netrc.
wandb: Currently logged in as: nandanhaloi123 (nandanhaloi123-kth-royal-institute-of-technology) to https://api.wandb.ai. Use `wandb login --relogin` to force relogin
wandb: setting up run 7d2wkhm5
wandb: Tracking run with wandb version 0.24.2
wandb: Run data is saved locally in /proj/berzelius-2022-haloi/users/x_nanha/CryoLigate/wandb/run-20260213_171617-7d2wkhm5
wandb: Run `wandb offline` to turn off syncing.
wandb: Syncing run run_20260213_171615_ROI_FUNDAMENTAL_no_aug
wandb: ⭐️ View project at https://wandb.ai/nandanhaloi123-kth-royal-institute-of-technology/cryoem-ligand-fitting
wandb: 🚀 View run at https://wandb.ai/nandanhaloi123-kth-royal-institute-of-technology/cryoem-ligand-fitting/runs/7d2wkhm5
--- Training run_20260213_171615_ROI_FUNDAMENTAL_no_aug on cuda ---
--- Loss Config: Dice=0.5, ROI_MSE=10.0, Global=0.1 ---
Loading dataset...
Traceback (most recent call last):
  File "/proj/berzelius-2022-haloi/users/x_nanha/CryoLigate/src/04_train.py", line 406, in <module>
    main()
  File "/proj/berzelius-2022-haloi/users/x_nanha/CryoLigate/src/04_train.py", line 263, in main
    temp_ds = CryoEMDataset(HDF5_FILE)
TypeError: __init__() missing 1 required positional argument: 'embeddings_path'
Traceback (most recent call last):
  File "/proj/berzelius-2022-haloi/users/x_nanha/CryoLigate/src/04_train.py", line 406, in <module>
    main()
  File "/proj/berzelius-2022-haloi/users/x_nanha/CryoLigate/src/04_train.py", line 263, in main
    temp_ds = CryoEMDataset(HDF5_FILE)
TypeError: __init__() missing 1 required positional argument: 'embeddings_path'
[1;34mwandb[0m: 
[1;34mwandb[0m: 🚀 View run [33mrun_20260213_171615_ROI_FUNDAMENTAL_no_aug[0m at: [34mhttps://wandb.ai/nandanhaloi123-kth-royal-institute-of-technology/cryoem-ligand-fitting/runs/7d2wkhm5[0m
[1;34mwandb[0m: Find logs at: [1;35mwandb/run-20260213_171617-7d2wkhm5/logs[0m
