/home/x_nanha/.conda/envs/CryoLigate/lib/python3.9/site-packages/timm/models/layers/__init__.py:49: FutureWarning: Importing from timm.models.layers is deprecated, please import via timm.layers
  warnings.warn(f"Importing from {__name__} is deprecated, please import via timm.layers", FutureWarning)
wandb: [wandb.login()] Loaded credentials for https://api.wandb.ai from /home/x_nanha/.netrc.
wandb: Currently logged in as: nandanhaloi123 (nandanhaloi123-kth-royal-institute-of-technology) to https://api.wandb.ai. Use `wandb login --relogin` to force relogin
wandb: setting up run luqpqx32
wandb: Tracking run with wandb version 0.24.2
wandb: Run data is saved locally in /proj/berzelius-2022-haloi/users/x_nanha/CryoLigate/wandb/run-20260212_235133-luqpqx32
wandb: Run `wandb offline` to turn off syncing.
wandb: Syncing run run_20260212_235130
wandb: â­ï¸ View project at https://wandb.ai/nandanhaloi123-kth-royal-institute-of-technology/cryoem-ligand-fitting
wandb: ðŸš€ View run at https://wandb.ai/nandanhaloi123-kth-royal-institute-of-technology/cryoem-ligand-fitting/runs/luqpqx32
--- Training run_20260212_235130 on cuda ---
--- Results saving to: /proj/berzelius-2022-haloi/users/x_nanha/CryoLigate/results/run_20260212_235130 ---
wandb: WARNING Saving files without folders. If you want to preserve subdirectories pass base_path to wandb.save, i.e. wandb.save("/mnt/folder/file.h5", base_path="/mnt")
wandb: WARNING Symlinked 1 file into the W&B run directory; call wandb.save again to sync new files.
Epoch 001 | Train: 0.39399 | Val: 0.37330 | PocketMSE: 0.43540
   --> Updated plot: /proj/berzelius-2022-haloi/users/x_nanha/CryoLigate/results/run_20260212_235130/training_metrics.png
   >>> New Best Model! Saving checkpoint & predictions...
Epoch 002 | Train: 0.27932 | Val: 0.28436 | PocketMSE: 0.42843
   --> Updated plot: /proj/berzelius-2022-haloi/users/x_nanha/CryoLigate/results/run_20260212_235130/training_metrics.png
   >>> New Best Model! Saving checkpoint & predictions...
Epoch 003 | Train: 0.23781 | Val: 0.22550 | PocketMSE: 0.55232
   --> Updated plot: /proj/berzelius-2022-haloi/users/x_nanha/CryoLigate/results/run_20260212_235130/training_metrics.png
   >>> New Best Model! Saving checkpoint & predictions...
Epoch 004 | Train: 0.21724 | Val: 0.26154 | PocketMSE: 0.55651
   --> Updated plot: /proj/berzelius-2022-haloi/users/x_nanha/CryoLigate/results/run_20260212_235130/training_metrics.png
Epoch 005 | Train: 0.20163 | Val: 0.17339 | PocketMSE: 0.48283
   --> Updated plot: /proj/berzelius-2022-haloi/users/x_nanha/CryoLigate/results/run_20260212_235130/training_metrics.png
   >>> New Best Model! Saving checkpoint & predictions...
Epoch 006 | Train: 0.17213 | Val: 0.20941 | PocketMSE: 0.44221
   --> Updated plot: /proj/berzelius-2022-haloi/users/x_nanha/CryoLigate/results/run_20260212_235130/training_metrics.png
Epoch 007 | Train: 0.15831 | Val: 0.13406 | PocketMSE: 0.37135
   --> Updated plot: /proj/berzelius-2022-haloi/users/x_nanha/CryoLigate/results/run_20260212_235130/training_metrics.png
   >>> New Best Model! Saving checkpoint & predictions...
Epoch 008 | Train: 0.15422 | Val: 0.20575 | PocketMSE: 0.37895
   --> Updated plot: /proj/berzelius-2022-haloi/users/x_nanha/CryoLigate/results/run_20260212_235130/training_metrics.png
Epoch 009 | Train: 0.15360 | Val: 0.13123 | PocketMSE: 0.37716
   --> Updated plot: /proj/berzelius-2022-haloi/users/x_nanha/CryoLigate/results/run_20260212_235130/training_metrics.png
   >>> New Best Model! Saving checkpoint & predictions...
Epoch 010 | Train: 0.13614 | Val: 0.19150 | PocketMSE: 0.35827
   --> Updated plot: /proj/berzelius-2022-haloi/users/x_nanha/CryoLigate/results/run_20260212_235130/training_metrics.png
Epoch 011 | Train: 0.14067 | Val: 0.17902 | PocketMSE: 0.34901
   --> Updated plot: /proj/berzelius-2022-haloi/users/x_nanha/CryoLigate/results/run_20260212_235130/training_metrics.png
Epoch 012 | Train: 0.14791 | Val: 0.14688 | PocketMSE: 0.38712
   --> Updated plot: /proj/berzelius-2022-haloi/users/x_nanha/CryoLigate/results/run_20260212_235130/training_metrics.png
Epoch 013 | Train: 0.12905 | Val: 0.12034 | PocketMSE: 0.36807
   --> Updated plot: /proj/berzelius-2022-haloi/users/x_nanha/CryoLigate/results/run_20260212_235130/training_metrics.png
   >>> New Best Model! Saving checkpoint & predictions...
Epoch 014 | Train: 0.10390 | Val: 0.09525 | PocketMSE: 0.36053
   --> Updated plot: /proj/berzelius-2022-haloi/users/x_nanha/CryoLigate/results/run_20260212_235130/training_metrics.png
   >>> New Best Model! Saving checkpoint & predictions...
Epoch 015 | Train: 0.12686 | Val: 0.16436 | PocketMSE: 0.42073
   --> Updated plot: /proj/berzelius-2022-haloi/users/x_nanha/CryoLigate/results/run_20260212_235130/training_metrics.png
Epoch 016 | Train: 0.12176 | Val: 0.06922 | PocketMSE: 0.35880
   --> Updated plot: /proj/berzelius-2022-haloi/users/x_nanha/CryoLigate/results/run_20260212_235130/training_metrics.png
   >>> New Best Model! Saving checkpoint & predictions...
Epoch 017 | Train: 0.12758 | Val: 0.13294 | PocketMSE: 0.37588
   --> Updated plot: /proj/berzelius-2022-haloi/users/x_nanha/CryoLigate/results/run_20260212_235130/training_metrics.png
Epoch 018 | Train: 0.13201 | Val: 0.08948 | PocketMSE: 0.41586
   --> Updated plot: /proj/berzelius-2022-haloi/users/x_nanha/CryoLigate/results/run_20260212_235130/training_metrics.png
Epoch 019 | Train: 0.11680 | Val: 0.15295 | PocketMSE: 0.38160
   --> Updated plot: /proj/berzelius-2022-haloi/users/x_nanha/CryoLigate/results/run_20260212_235130/training_metrics.png
Epoch 020 | Train: 0.10588 | Val: 0.06459 | PocketMSE: 0.36748
   --> Updated plot: /proj/berzelius-2022-haloi/users/x_nanha/CryoLigate/results/run_20260212_235130/training_metrics.png
   >>> New Best Model! Saving checkpoint & predictions...
Epoch 021 | Train: 0.14120 | Val: 0.13881 | PocketMSE: 0.40392
   --> Updated plot: /proj/berzelius-2022-haloi/users/x_nanha/CryoLigate/results/run_20260212_235130/training_metrics.png
Epoch 022 | Train: 0.10571 | Val: 0.07688 | PocketMSE: 0.35428
   --> Updated plot: /proj/berzelius-2022-haloi/users/x_nanha/CryoLigate/results/run_20260212_235130/training_metrics.png
Epoch 023 | Train: 0.09816 | Val: 0.09742 | PocketMSE: 0.37413
   --> Updated plot: /proj/berzelius-2022-haloi/users/x_nanha/CryoLigate/results/run_20260212_235130/training_metrics.png
Epoch 024 | Train: 0.10436 | Val: 0.15122 | PocketMSE: 0.35438
   --> Updated plot: /proj/berzelius-2022-haloi/users/x_nanha/CryoLigate/results/run_20260212_235130/training_metrics.png
Epoch 025 | Train: 0.10592 | Val: 0.11654 | PocketMSE: 0.36157
   --> Updated plot: /proj/berzelius-2022-haloi/users/x_nanha/CryoLigate/results/run_20260212_235130/training_metrics.png
Epoch 026 | Train: 0.07791 | Val: 0.12935 | PocketMSE: 0.38855
   --> Updated plot: /proj/berzelius-2022-haloi/users/x_nanha/CryoLigate/results/run_20260212_235130/training_metrics.png
Epoch 027 | Train: 0.09036 | Val: 0.09175 | PocketMSE: 0.35300
   --> Updated plot: /proj/berzelius-2022-haloi/users/x_nanha/CryoLigate/results/run_20260212_235130/training_metrics.png
Epoch 028 | Train: 0.06467 | Val: 0.06513 | PocketMSE: 0.36431
   --> Updated plot: /proj/berzelius-2022-haloi/users/x_nanha/CryoLigate/results/run_20260212_235130/training_metrics.png
Epoch 029 | Train: 0.06166 | Val: 0.08810 | PocketMSE: 0.38012
   --> Updated plot: /proj/berzelius-2022-haloi/users/x_nanha/CryoLigate/results/run_20260212_235130/training_metrics.png
Epoch 030 | Train: 0.06463 | Val: 0.08854 | PocketMSE: 0.42719
   --> Updated plot: /proj/berzelius-2022-haloi/users/x_nanha/CryoLigate/results/run_20260212_235130/training_metrics.png
Epoch 031 | Train: 0.05456 | Val: 0.05771 | PocketMSE: 0.36398
   --> Updated plot: /proj/berzelius-2022-haloi/users/x_nanha/CryoLigate/results/run_20260212_235130/training_metrics.png
   >>> New Best Model! Saving checkpoint & predictions...
Epoch 032 | Train: 0.05203 | Val: 0.05224 | PocketMSE: 0.37023
   --> Updated plot: /proj/berzelius-2022-haloi/users/x_nanha/CryoLigate/results/run_20260212_235130/training_metrics.png
   >>> New Best Model! Saving checkpoint & predictions...
Epoch 033 | Train: 0.05061 | Val: 0.07488 | PocketMSE: 0.37543
   --> Updated plot: /proj/berzelius-2022-haloi/users/x_nanha/CryoLigate/results/run_20260212_235130/training_metrics.png
Epoch 034 | Train: 0.06252 | Val: 0.04680 | PocketMSE: 0.38129
   --> Updated plot: /proj/berzelius-2022-haloi/users/x_nanha/CryoLigate/results/run_20260212_235130/training_metrics.png
   >>> New Best Model! Saving checkpoint & predictions...
Epoch 035 | Train: 0.05964 | Val: 0.07919 | PocketMSE: 0.39387
   --> Updated plot: /proj/berzelius-2022-haloi/users/x_nanha/CryoLigate/results/run_20260212_235130/training_metrics.png
Epoch 036 | Train: 0.05084 | Val: 0.04680 | PocketMSE: 0.37693
   --> Updated plot: /proj/berzelius-2022-haloi/users/x_nanha/CryoLigate/results/run_20260212_235130/training_metrics.png
Epoch 037 | Train: 0.05549 | Val: 0.05356 | PocketMSE: 0.44830
   --> Updated plot: /proj/berzelius-2022-haloi/users/x_nanha/CryoLigate/results/run_20260212_235130/training_metrics.png
Epoch 038 | Train: 0.06713 | Val: 0.05813 | PocketMSE: 0.38453
   --> Updated plot: /proj/berzelius-2022-haloi/users/x_nanha/CryoLigate/results/run_20260212_235130/training_metrics.png
Epoch 039 | Train: 0.05594 | Val: 0.06669 | PocketMSE: 0.37695
   --> Updated plot: /proj/berzelius-2022-haloi/users/x_nanha/CryoLigate/results/run_20260212_235130/training_metrics.png
Epoch 040 | Train: 0.04887 | Val: 0.04662 | PocketMSE: 0.39214
   --> Updated plot: /proj/berzelius-2022-haloi/users/x_nanha/CryoLigate/results/run_20260212_235130/training_metrics.png
   >>> New Best Model! Saving checkpoint & predictions...
Epoch 041 | Train: 0.04676 | Val: 0.06563 | PocketMSE: 0.37805
   --> Updated plot: /proj/berzelius-2022-haloi/users/x_nanha/CryoLigate/results/run_20260212_235130/training_metrics.png
Epoch 042 | Train: 0.04580 | Val: 0.05844 | PocketMSE: 0.39224
   --> Updated plot: /proj/berzelius-2022-haloi/users/x_nanha/CryoLigate/results/run_20260212_235130/training_metrics.png
Epoch 043 | Train: 0.04495 | Val: 0.04362 | PocketMSE: 0.37551
   --> Updated plot: /proj/berzelius-2022-haloi/users/x_nanha/CryoLigate/results/run_20260212_235130/training_metrics.png
   >>> New Best Model! Saving checkpoint & predictions...
Epoch 044 | Train: 0.04941 | Val: 0.07503 | PocketMSE: 0.37289
   --> Updated plot: /proj/berzelius-2022-haloi/users/x_nanha/CryoLigate/results/run_20260212_235130/training_metrics.png
Epoch 045 | Train: 0.05065 | Val: 0.04420 | PocketMSE: 0.41561
   --> Updated plot: /proj/berzelius-2022-haloi/users/x_nanha/CryoLigate/results/run_20260212_235130/training_metrics.png
Epoch 046 | Train: 0.04757 | Val: 0.04792 | PocketMSE: 0.36197
   --> Updated plot: /proj/berzelius-2022-haloi/users/x_nanha/CryoLigate/results/run_20260212_235130/training_metrics.png
Epoch 047 | Train: 0.04609 | Val: 0.07979 | PocketMSE: 0.38827
   --> Updated plot: /proj/berzelius-2022-haloi/users/x_nanha/CryoLigate/results/run_20260212_235130/training_metrics.png
Epoch 048 | Train: 0.06265 | Val: 0.05763 | PocketMSE: 0.38321
   --> Updated plot: /proj/berzelius-2022-haloi/users/x_nanha/CryoLigate/results/run_20260212_235130/training_metrics.png
Epoch 049 | Train: 0.05846 | Val: 0.07125 | PocketMSE: 0.38735
   --> Updated plot: /proj/berzelius-2022-haloi/users/x_nanha/CryoLigate/results/run_20260212_235130/training_metrics.png
Epoch 050 | Train: 0.03842 | Val: 0.04283 | PocketMSE: 0.43189
   --> Updated plot: /proj/berzelius-2022-haloi/users/x_nanha/CryoLigate/results/run_20260212_235130/training_metrics.png
   >>> New Best Model! Saving checkpoint & predictions...
Epoch 051 | Train: 0.03304 | Val: 0.05121 | PocketMSE: 0.40363
   --> Updated plot: /proj/berzelius-2022-haloi/users/x_nanha/CryoLigate/results/run_20260212_235130/training_metrics.png
Epoch 052 | Train: 0.03455 | Val: 0.04596 | PocketMSE: 0.40291
   --> Updated plot: /proj/berzelius-2022-haloi/users/x_nanha/CryoLigate/results/run_20260212_235130/training_metrics.png
Epoch 053 | Train: 0.03683 | Val: 0.06453 | PocketMSE: 0.40918
   --> Updated plot: /proj/berzelius-2022-haloi/users/x_nanha/CryoLigate/results/run_20260212_235130/training_metrics.png
Epoch 054 | Train: 0.03326 | Val: 0.04497 | PocketMSE: 0.43232
   --> Updated plot: /proj/berzelius-2022-haloi/users/x_nanha/CryoLigate/results/run_20260212_235130/training_metrics.png
Epoch 055 | Train: 0.02935 | Val: 0.03844 | PocketMSE: 0.41392
   --> Updated plot: /proj/berzelius-2022-haloi/users/x_nanha/CryoLigate/results/run_20260212_235130/training_metrics.png
   >>> New Best Model! Saving checkpoint & predictions...
Epoch 056 | Train: 0.02885 | Val: 0.03946 | PocketMSE: 0.41424
   --> Updated plot: /proj/berzelius-2022-haloi/users/x_nanha/CryoLigate/results/run_20260212_235130/training_metrics.png
Epoch 057 | Train: 0.02840 | Val: 0.04412 | PocketMSE: 0.42475
   --> Updated plot: /proj/berzelius-2022-haloi/users/x_nanha/CryoLigate/results/run_20260212_235130/training_metrics.png
Epoch 058 | Train: 0.02898 | Val: 0.04405 | PocketMSE: 0.43690
   --> Updated plot: /proj/berzelius-2022-haloi/users/x_nanha/CryoLigate/results/run_20260212_235130/training_metrics.png
Epoch 059 | Train: 0.03307 | Val: 0.05545 | PocketMSE: 0.43047
   --> Updated plot: /proj/berzelius-2022-haloi/users/x_nanha/CryoLigate/results/run_20260212_235130/training_metrics.png
Epoch 060 | Train: 0.03241 | Val: 0.04867 | PocketMSE: 0.43231
   --> Updated plot: /proj/berzelius-2022-haloi/users/x_nanha/CryoLigate/results/run_20260212_235130/training_metrics.png
Epoch 061 | Train: 0.03484 | Val: 0.04160 | PocketMSE: 0.43176
   --> Updated plot: /proj/berzelius-2022-haloi/users/x_nanha/CryoLigate/results/run_20260212_235130/training_metrics.png
Epoch 062 | Train: 0.02488 | Val: 0.03995 | PocketMSE: 0.43242
   --> Updated plot: /proj/berzelius-2022-haloi/users/x_nanha/CryoLigate/results/run_20260212_235130/training_metrics.png
Epoch 063 | Train: 0.02443 | Val: 0.03623 | PocketMSE: 0.42689
   --> Updated plot: /proj/berzelius-2022-haloi/users/x_nanha/CryoLigate/results/run_20260212_235130/training_metrics.png
   >>> New Best Model! Saving checkpoint & predictions...
Epoch 064 | Train: 0.02448 | Val: 0.03836 | PocketMSE: 0.43587
   --> Updated plot: /proj/berzelius-2022-haloi/users/x_nanha/CryoLigate/results/run_20260212_235130/training_metrics.png
Epoch 065 | Train: 0.02465 | Val: 0.03843 | PocketMSE: 0.42323
   --> Updated plot: /proj/berzelius-2022-haloi/users/x_nanha/CryoLigate/results/run_20260212_235130/training_metrics.png
Epoch 066 | Train: 0.02341 | Val: 0.03885 | PocketMSE: 0.43529
   --> Updated plot: /proj/berzelius-2022-haloi/users/x_nanha/CryoLigate/results/run_20260212_235130/training_metrics.png
Epoch 067 | Train: 0.02308 | Val: 0.03888 | PocketMSE: 0.45684
   --> Updated plot: /proj/berzelius-2022-haloi/users/x_nanha/CryoLigate/results/run_20260212_235130/training_metrics.png
Epoch 068 | Train: 0.02262 | Val: 0.03785 | PocketMSE: 0.44104
   --> Updated plot: /proj/berzelius-2022-haloi/users/x_nanha/CryoLigate/results/run_20260212_235130/training_metrics.png
Epoch 069 | Train: 0.02256 | Val: 0.03639 | PocketMSE: 0.44456
   --> Updated plot: /proj/berzelius-2022-haloi/users/x_nanha/CryoLigate/results/run_20260212_235130/training_metrics.png
Epoch 070 | Train: 0.02115 | Val: 0.03576 | PocketMSE: 0.44719
   --> Updated plot: /proj/berzelius-2022-haloi/users/x_nanha/CryoLigate/results/run_20260212_235130/training_metrics.png
   >>> New Best Model! Saving checkpoint & predictions...
Epoch 071 | Train: 0.02151 | Val: 0.03644 | PocketMSE: 0.45515
   --> Updated plot: /proj/berzelius-2022-haloi/users/x_nanha/CryoLigate/results/run_20260212_235130/training_metrics.png
Epoch 072 | Train: 0.02116 | Val: 0.03592 | PocketMSE: 0.45243
   --> Updated plot: /proj/berzelius-2022-haloi/users/x_nanha/CryoLigate/results/run_20260212_235130/training_metrics.png
Epoch 073 | Train: 0.02084 | Val: 0.03659 | PocketMSE: 0.45938
   --> Updated plot: /proj/berzelius-2022-haloi/users/x_nanha/CryoLigate/results/run_20260212_235130/training_metrics.png
Epoch 074 | Train: 0.02077 | Val: 0.03823 | PocketMSE: 0.46424
   --> Updated plot: /proj/berzelius-2022-haloi/users/x_nanha/CryoLigate/results/run_20260212_235130/training_metrics.png
Epoch 075 | Train: 0.02060 | Val: 0.03881 | PocketMSE: 0.47095
   --> Updated plot: /proj/berzelius-2022-haloi/users/x_nanha/CryoLigate/results/run_20260212_235130/training_metrics.png
Epoch 076 | Train: 0.02105 | Val: 0.03585 | PocketMSE: 0.46046
   --> Updated plot: /proj/berzelius-2022-haloi/users/x_nanha/CryoLigate/results/run_20260212_235130/training_metrics.png
Epoch 077 | Train: 0.01976 | Val: 0.03635 | PocketMSE: 0.47092
   --> Updated plot: /proj/berzelius-2022-haloi/users/x_nanha/CryoLigate/results/run_20260212_235130/training_metrics.png
Epoch 078 | Train: 0.01983 | Val: 0.03595 | PocketMSE: 0.46917
   --> Updated plot: /proj/berzelius-2022-haloi/users/x_nanha/CryoLigate/results/run_20260212_235130/training_metrics.png
Epoch 079 | Train: 0.01955 | Val: 0.03600 | PocketMSE: 0.47567
   --> Updated plot: /proj/berzelius-2022-haloi/users/x_nanha/CryoLigate/results/run_20260212_235130/training_metrics.png
Epoch 080 | Train: 0.01939 | Val: 0.03705 | PocketMSE: 0.47791
   --> Updated plot: /proj/berzelius-2022-haloi/users/x_nanha/CryoLigate/results/run_20260212_235130/training_metrics.png
Epoch 081 | Train: 0.01947 | Val: 0.03625 | PocketMSE: 0.47369
   --> Updated plot: /proj/berzelius-2022-haloi/users/x_nanha/CryoLigate/results/run_20260212_235130/training_metrics.png
Epoch 082 | Train: 0.01926 | Val: 0.03591 | PocketMSE: 0.47372
   --> Updated plot: /proj/berzelius-2022-haloi/users/x_nanha/CryoLigate/results/run_20260212_235130/training_metrics.png
Epoch 083 | Train: 0.01897 | Val: 0.03597 | PocketMSE: 0.47796
   --> Updated plot: /proj/berzelius-2022-haloi/users/x_nanha/CryoLigate/results/run_20260212_235130/training_metrics.png
Epoch 084 | Train: 0.01898 | Val: 0.03603 | PocketMSE: 0.48129
   --> Updated plot: /proj/berzelius-2022-haloi/users/x_nanha/CryoLigate/results/run_20260212_235130/training_metrics.png
Epoch 085 | Train: 0.01891 | Val: 0.03619 | PocketMSE: 0.48208
   --> Updated plot: /proj/berzelius-2022-haloi/users/x_nanha/CryoLigate/results/run_20260212_235130/training_metrics.png
Epoch 086 | Train: 0.01884 | Val: 0.03611 | PocketMSE: 0.48288
   --> Updated plot: /proj/berzelius-2022-haloi/users/x_nanha/CryoLigate/results/run_20260212_235130/training_metrics.png
Epoch 087 | Train: 0.01883 | Val: 0.03609 | PocketMSE: 0.48334
   --> Updated plot: /proj/berzelius-2022-haloi/users/x_nanha/CryoLigate/results/run_20260212_235130/training_metrics.png
Epoch 088 | Train: 0.01872 | Val: 0.03616 | PocketMSE: 0.48644
   --> Updated plot: /proj/berzelius-2022-haloi/users/x_nanha/CryoLigate/results/run_20260212_235130/training_metrics.png
Epoch 089 | Train: 0.01859 | Val: 0.03619 | PocketMSE: 0.48270
   --> Updated plot: /proj/berzelius-2022-haloi/users/x_nanha/CryoLigate/results/run_20260212_235130/training_metrics.png
Epoch 090 | Train: 0.01858 | Val: 0.03614 | PocketMSE: 0.48498
   --> Updated plot: /proj/berzelius-2022-haloi/users/x_nanha/CryoLigate/results/run_20260212_235130/training_metrics.png
Epoch 091 | Train: 0.01856 | Val: 0.03610 | PocketMSE: 0.48444
   --> Updated plot: /proj/berzelius-2022-haloi/users/x_nanha/CryoLigate/results/run_20260212_235130/training_metrics.png
Epoch 092 | Train: 0.01851 | Val: 0.03629 | PocketMSE: 0.48901
   --> Updated plot: /proj/berzelius-2022-haloi/users/x_nanha/CryoLigate/results/run_20260212_235130/training_metrics.png
Epoch 093 | Train: 0.01848 | Val: 0.03621 | PocketMSE: 0.48893
   --> Updated plot: /proj/berzelius-2022-haloi/users/x_nanha/CryoLigate/results/run_20260212_235130/training_metrics.png
Epoch 094 | Train: 0.01844 | Val: 0.03626 | PocketMSE: 0.49054
   --> Updated plot: /proj/berzelius-2022-haloi/users/x_nanha/CryoLigate/results/run_20260212_235130/training_metrics.png
Epoch 095 | Train: 0.01841 | Val: 0.03628 | PocketMSE: 0.49035
   --> Updated plot: /proj/berzelius-2022-haloi/users/x_nanha/CryoLigate/results/run_20260212_235130/training_metrics.png
Epoch 096 | Train: 0.01839 | Val: 0.03621 | PocketMSE: 0.49024
   --> Updated plot: /proj/berzelius-2022-haloi/users/x_nanha/CryoLigate/results/run_20260212_235130/training_metrics.png
Epoch 097 | Train: 0.01837 | Val: 0.03625 | PocketMSE: 0.49093
   --> Updated plot: /proj/berzelius-2022-haloi/users/x_nanha/CryoLigate/results/run_20260212_235130/training_metrics.png
Epoch 098 | Train: 0.01835 | Val: 0.03630 | PocketMSE: 0.49200
   --> Updated plot: /proj/berzelius-2022-haloi/users/x_nanha/CryoLigate/results/run_20260212_235130/training_metrics.png
Epoch 099 | Train: 0.01835 | Val: 0.03628 | PocketMSE: 0.49118
   --> Updated plot: /proj/berzelius-2022-haloi/users/x_nanha/CryoLigate/results/run_20260212_235130/training_metrics.png
wandb: updating run metadata
wandb: uploading output.log; uploading wandb-summary.json; uploading config.yaml
wandb: 
wandb: Run history:
wandb:      epoch â–â–â–â–‚â–‚â–‚â–‚â–ƒâ–ƒâ–ƒâ–ƒâ–ƒâ–ƒâ–„â–„â–„â–„â–„â–„â–„â–…â–…â–…â–…â–…â–†â–†â–†â–†â–†â–†â–†â–‡â–‡â–‡â–‡â–‡â–ˆâ–ˆâ–ˆ
wandb: masked_mse â–ˆâ–…â–‚â–‚â–â–‚â–‚â–ƒâ–â–â–„â–â–‚â–‚â–‚â–‚â–‚â–‚â–‚â–‚â–„â–„â–„â–„â–ƒâ–…â–„â–„â–„â–„â–…â–…â–…â–…â–…â–†â–…â–†â–†â–†
wandb: train_loss â–ˆâ–„â–„â–„â–„â–ƒâ–ƒâ–ƒâ–ƒâ–‚â–‚â–‚â–‚â–‚â–‚â–‚â–‚â–‚â–‚â–â–â–â–â–â–â–â–â–â–â–â–â–â–â–â–â–â–â–â–â–
wandb:   val_loss â–‡â–ˆâ–†â–†â–„â–‚â–…â–„â–„â–ƒâ–ƒâ–‚â–‚â–â–‚â–‚â–â–‚â–‚â–‚â–â–â–‚â–â–â–â–â–â–â–â–â–â–â–â–â–â–â–â–â–
wandb: 
wandb: Run summary:
wandb:      epoch 99
wandb: masked_mse 0.49344
wandb: train_loss 0.01832
wandb:   val_loss 0.03631
wandb: 
wandb: ðŸš€ View run run_20260212_235130 at: https://wandb.ai/nandanhaloi123-kth-royal-institute-of-technology/cryoem-ligand-fitting/runs/luqpqx32
wandb: â­ï¸ View project at: https://wandb.ai/nandanhaloi123-kth-royal-institute-of-technology/cryoem-ligand-fitting
wandb: Synced 5 W&B file(s), 0 media file(s), 0 artifact file(s) and 1 other file(s)
wandb: Find logs at: ./wandb/run-20260212_235133-luqpqx32/logs
Epoch 100 | Train: 0.01832 | Val: 0.03631 | PocketMSE: 0.49344
   --> Updated plot: /proj/berzelius-2022-haloi/users/x_nanha/CryoLigate/results/run_20260212_235130/training_metrics.png

--- Finalizing. Results in /proj/berzelius-2022-haloi/users/x_nanha/CryoLigate/results/run_20260212_235130 ---
   --> Updated plot: /proj/berzelius-2022-haloi/users/x_nanha/CryoLigate/results/run_20260212_235130/final_training_metrics.png
